[debug] [2021-01-18T22:07:54.116Z] ----------------------------------------------------------------------
[debug] [2021-01-18T22:07:54.119Z] Command:       C:\Program Files\nodejs\node.exe C:\Users\tonyb\AppData\Roaming\npm\node_modules\firebase-tools\lib\bin\firebase.js init
[debug] [2021-01-18T22:07:54.120Z] CLI Version:   9.2.1
[debug] [2021-01-18T22:07:54.120Z] Platform:      win32
[debug] [2021-01-18T22:07:54.120Z] Node Version:  v15.6.0
[debug] [2021-01-18T22:07:54.121Z] Time:          Mon Jan 18 2021 17:07:54 GMT-0500 (GMT-05:00)
[debug] [2021-01-18T22:07:54.122Z] ----------------------------------------------------------------------
[debug] [2021-01-18T22:07:54.122Z] 
[debug] [2021-01-18T22:07:54.129Z] > command requires scopes: ["email","openid","https://www.googleapis.com/auth/cloudplatformprojects.readonly","https://www.googleapis.com/auth/firebase","https://www.googleapis.com/auth/cloud-platform"]
[debug] [2021-01-18T22:07:54.130Z] > authorizing via signed-in user
[info] 
     ######## #### ########  ######## ########     ###     ######  ########
     ##        ##  ##     ## ##       ##     ##  ##   ##  ##       ##
     ######    ##  ########  ######   ########  #########  ######  ######
     ##        ##  ##    ##  ##       ##     ## ##     ##       ## ##
     ##       #### ##     ## ######## ########  ##     ##  ######  ########

You're about to initialize a Firebase project in this directory:

  S:\FastCode\Typescript\next-firebase-ssr

[info] 
=== Project Setup
[info] 
[info] First, let's associate this project directory with a Firebase project.
[info] You can create multiple project aliases by running firebase use --add, 
[info] but for now we'll just set up a default project.
[info] 
[debug] [2021-01-18T22:08:20.445Z] >>> [apiv2][query] GET https://firebase.googleapis.com/v1beta1/projects pageSize=100
[debug] [2021-01-18T22:08:20.668Z] <<< [apiv2][status] GET https://firebase.googleapis.com/v1beta1/projects 200
[debug] [2021-01-18T22:08:20.669Z] <<< [apiv2][body] GET https://firebase.googleapis.com/v1beta1/projects [omitted]
[info] i  Using project homepage-57ca7 (Homepage) 
[info] 
=== Database Setup
[info] i  database: ensuring required API firebasedatabase.googleapis.com is enabled... 
[debug] [2021-01-18T22:08:22.150Z] > refreshing access token with scopes: ["email","https://www.googleapis.com/auth/cloud-platform","https://www.googleapis.com/auth/cloudplatformprojects.readonly","https://www.googleapis.com/auth/firebase","openid"]
[debug] [2021-01-18T22:08:22.152Z] >>> HTTP REQUEST POST https://www.googleapis.com/oauth2/v3/token  
 <request body omitted>
[debug] [2021-01-18T22:08:22.244Z] <<< HTTP RESPONSE 200 {"cache-control":"no-cache, no-store, max-age=0, must-revalidate","date":"Mon, 18 Jan 2021 22:08:22 GMT","expires":"Mon, 01 Jan 1990 00:00:00 GMT","pragma":"no-cache","content-type":"application/json; charset=utf-8","vary":"X-Origin, Referer, Origin,Accept-Encoding","server":"scaffolding on HTTPServer2","x-xss-protection":"0","x-frame-options":"SAMEORIGIN","x-content-type-options":"nosniff","alt-svc":"h3-29=\":443\"; ma=2592000,h3-T051=\":443\"; ma=2592000,h3-Q050=\":443\"; ma=2592000,h3-Q046=\":443\"; ma=2592000,h3-Q043=\":443\"; ma=2592000,quic=\":443\"; ma=2592000; v=\"46,43\"","accept-ranges":"none","transfer-encoding":"chunked"}
[debug] [2021-01-18T22:08:22.250Z] >>> HTTP REQUEST GET https://serviceusage.googleapis.com/v1/projects/homepage-57ca7/services/firebasedatabase.googleapis.com  
 
[debug] [2021-01-18T22:08:22.553Z] <<< HTTP RESPONSE 200 {"content-type":"application/json; charset=UTF-8","vary":"X-Origin, Referer, Origin,Accept-Encoding","date":"Mon, 18 Jan 2021 22:08:22 GMT","server":"ESF","cache-control":"private","x-xss-protection":"0","x-frame-options":"SAMEORIGIN","x-content-type-options":"nosniff","alt-svc":"h3-29=\":443\"; ma=2592000,h3-T051=\":443\"; ma=2592000,h3-Q050=\":443\"; ma=2592000,h3-Q046=\":443\"; ma=2592000,h3-Q043=\":443\"; ma=2592000,quic=\":443\"; ma=2592000; v=\"46,43\"","accept-ranges":"none","transfer-encoding":"chunked"}
[info] +  database: required API firebasedatabase.googleapis.com is enabled 
[info] 
[debug] [2021-01-18T22:08:22.558Z] >>> HTTP REQUEST GET https://firebasedatabase.googleapis.com/v1beta/projects/homepage-57ca7/locations/-/instances/homepage-57ca7-default-rtdb  
 
[debug] [2021-01-18T22:08:22.883Z] <<< HTTP RESPONSE 200 {"content-type":"application/json; charset=UTF-8","vary":"X-Origin, Referer, Origin,Accept-Encoding","date":"Mon, 18 Jan 2021 22:08:23 GMT","server":"ESF","cache-control":"private","x-xss-protection":"0","x-frame-options":"SAMEORIGIN","x-content-type-options":"nosniff","alt-svc":"h3-29=\":443\"; ma=2592000,h3-T051=\":443\"; ma=2592000,h3-Q050=\":443\"; ma=2592000,h3-Q046=\":443\"; ma=2592000,h3-Q043=\":443\"; ma=2592000,quic=\":443\"; ma=2592000; v=\"46,43\"","accept-ranges":"none","transfer-encoding":"chunked"}
[info] 
[info] Firebase Realtime Database Security Rules allow you to define how your data should be
[info] structured and when your data can be read from and written to.
[info] 
[debug] [2021-01-18T22:08:28.345Z] >>> HTTP REQUEST GET https://homepage-57ca7-default-rtdb.firebaseio.com/.settings/rules.json  
 
[debug] [2021-01-18T22:08:28.541Z] <<< HTTP RESPONSE 200 {"server":"nginx","date":"Mon, 18 Jan 2021 22:08:28 GMT","content-type":"application/json; charset=utf-8","content-length":"121","connection":"keep-alive","access-control-allow-origin":"*","cache-control":"no-cache","strict-transport-security":"max-age=31556926; includeSubDomains; preload"}
[info] +  Database Rules for homepage-57ca7-default-rtdb have been written to database.rules.json. 
[info] Future modifications to database.rules.json will update Realtime Database Security Rules when you run
[info] firebase deploy.
[info] 
=== Firestore Setup
[debug] [2021-01-18T22:08:28.546Z] >>> HTTP REQUEST GET https://serviceusage.googleapis.com/v1/projects/homepage-57ca7/services/firestore.googleapis.com  
 
[debug] [2021-01-18T22:08:28.786Z] <<< HTTP RESPONSE 200 {"content-type":"application/json; charset=UTF-8","vary":"X-Origin, Referer, Origin,Accept-Encoding","date":"Mon, 18 Jan 2021 22:08:29 GMT","server":"ESF","cache-control":"private","x-xss-protection":"0","x-frame-options":"SAMEORIGIN","x-content-type-options":"nosniff","alt-svc":"h3-29=\":443\"; ma=2592000,h3-T051=\":443\"; ma=2592000,h3-Q050=\":443\"; ma=2592000,h3-Q046=\":443\"; ma=2592000,h3-Q043=\":443\"; ma=2592000,quic=\":443\"; ma=2592000; v=\"46,43\"","accept-ranges":"none","transfer-encoding":"chunked"}
[debug] [2021-01-18T22:08:28.787Z] >>> HTTP REQUEST GET https://appengine.googleapis.com/v1/apps/homepage-57ca7  
 
[debug] [2021-01-18T22:08:28.935Z] <<< HTTP RESPONSE 200 {"content-type":"application/json; charset=UTF-8","vary":"X-Origin, Referer, Origin,Accept-Encoding","date":"Mon, 18 Jan 2021 22:08:29 GMT","server":"ESF","cache-control":"private","x-xss-protection":"0","x-frame-options":"SAMEORIGIN","x-content-type-options":"nosniff","alt-svc":"h3-29=\":443\"; ma=2592000,h3-T051=\":443\"; ma=2592000,h3-Q050=\":443\"; ma=2592000,h3-Q046=\":443\"; ma=2592000,h3-Q043=\":443\"; ma=2592000,quic=\":443\"; ma=2592000; v=\"46,43\"","accept-ranges":"none","transfer-encoding":"chunked"}
[debug] [2021-01-18T22:08:28.935Z] database_type: CLOUD_FIRESTORE
[debug] [2021-01-18T22:08:28.936Z] > command requires scopes: ["email","openid","https://www.googleapis.com/auth/cloudplatformprojects.readonly","https://www.googleapis.com/auth/firebase","https://www.googleapis.com/auth/cloud-platform"]
[debug] [2021-01-18T22:08:28.936Z] > authorizing via signed-in user
[debug] [2021-01-18T22:08:28.936Z] [iam] checking project homepage-57ca7 for permissions ["firebase.projects.get"]
[debug] [2021-01-18T22:08:28.937Z] >>> HTTP REQUEST POST https://cloudresourcemanager.googleapis.com/v1/projects/homepage-57ca7:testIamPermissions  
 {"permissions":["firebase.projects.get"]}
[debug] [2021-01-18T22:08:29.190Z] <<< HTTP RESPONSE 200 {"content-type":"application/json; charset=UTF-8","vary":"X-Origin, Referer, Origin,Accept-Encoding","date":"Mon, 18 Jan 2021 22:08:29 GMT","server":"ESF","cache-control":"private","x-xss-protection":"0","x-frame-options":"SAMEORIGIN","x-content-type-options":"nosniff","server-timing":"gfet4t7; dur=179","alt-svc":"h3-29=\":443\"; ma=2592000,h3-T051=\":443\"; ma=2592000,h3-Q050=\":443\"; ma=2592000,h3-Q046=\":443\"; ma=2592000,h3-Q043=\":443\"; ma=2592000,quic=\":443\"; ma=2592000; v=\"46,43\"","accept-ranges":"none","transfer-encoding":"chunked"}
[info] 
[info] Firestore Security Rules allow you to define how and when to allow
[info] requests. You can keep these rules in your project directory
[info] and publish them with firebase deploy.
[info] 
[debug] [2021-01-18T22:08:34.303Z] >>> HTTP REQUEST GET https://firebaserules.googleapis.com/v1/projects/homepage-57ca7/releases?pageSize=10&pageToken=  
 
[debug] [2021-01-18T22:08:34.484Z] <<< HTTP RESPONSE 200 {"content-type":"application/json; charset=UTF-8","vary":"X-Origin, Referer, Origin,Accept-Encoding","date":"Mon, 18 Jan 2021 22:08:34 GMT","server":"ESF","cache-control":"private","x-xss-protection":"0","x-frame-options":"SAMEORIGIN","x-content-type-options":"nosniff","alt-svc":"h3-29=\":443\"; ma=2592000,h3-T051=\":443\"; ma=2592000,h3-Q050=\":443\"; ma=2592000,h3-Q046=\":443\"; ma=2592000,h3-Q043=\":443\"; ma=2592000,quic=\":443\"; ma=2592000; v=\"46,43\"","accept-ranges":"none","transfer-encoding":"chunked"}
[debug] [2021-01-18T22:08:34.485Z] Found ruleset: projects/homepage-57ca7/rulesets/c6098d1e-cf03-48cf-a2dc-ade3804c0333
[debug] [2021-01-18T22:08:34.486Z] >>> HTTP REQUEST GET https://firebaserules.googleapis.com/v1/projects/homepage-57ca7/rulesets/c6098d1e-cf03-48cf-a2dc-ade3804c0333  
 
[debug] [2021-01-18T22:08:34.653Z] <<< HTTP RESPONSE 200 {"content-type":"application/json; charset=UTF-8","vary":"X-Origin, Referer, Origin,Accept-Encoding","date":"Mon, 18 Jan 2021 22:08:35 GMT","server":"ESF","cache-control":"private","x-xss-protection":"0","x-frame-options":"SAMEORIGIN","x-content-type-options":"nosniff","alt-svc":"h3-29=\":443\"; ma=2592000,h3-T051=\":443\"; ma=2592000,h3-Q050=\":443\"; ma=2592000,h3-Q046=\":443\"; ma=2592000,h3-Q043=\":443\"; ma=2592000,quic=\":443\"; ma=2592000; v=\"46,43\"","accept-ranges":"none","transfer-encoding":"chunked"}
[info] 
[info] Firestore indexes allow you to perform complex queries while
[info] maintaining performance that scales with the size of the result
[info] set. You can keep index definitions in your project directory
[info] and publish them with firebase deploy.
[info] 
[debug] [2021-01-18T22:08:36.107Z] >>> HTTP REQUEST GET https://firestore.googleapis.com/v1/projects/homepage-57ca7/databases/(default)/collectionGroups/-/indexes  
 
[debug] [2021-01-18T22:08:36.107Z] >>> HTTP REQUEST GET https://firestore.googleapis.com/v1/projects/homepage-57ca7/databases/(default)/collectionGroups/-/fields?filter=indexConfig.usesAncestorConfig=false  
 
[debug] [2021-01-18T22:08:36.308Z] <<< HTTP RESPONSE 200 {"content-type":"application/json; charset=UTF-8","vary":"X-Origin, Referer, Origin,Accept-Encoding","date":"Mon, 18 Jan 2021 22:08:36 GMT","server":"ESF","cache-control":"private","x-xss-protection":"0","x-frame-options":"SAMEORIGIN","x-content-type-options":"nosniff","alt-svc":"h3-29=\":443\"; ma=2592000,h3-T051=\":443\"; ma=2592000,h3-Q050=\":443\"; ma=2592000,h3-Q046=\":443\"; ma=2592000,h3-Q043=\":443\"; ma=2592000,quic=\":443\"; ma=2592000; v=\"46,43\"","accept-ranges":"none","transfer-encoding":"chunked"}
[debug] [2021-01-18T22:08:36.315Z] <<< HTTP RESPONSE 200 {"content-type":"application/json; charset=UTF-8","vary":"X-Origin, Referer, Origin,Accept-Encoding","date":"Mon, 18 Jan 2021 22:08:36 GMT","server":"ESF","cache-control":"private","x-xss-protection":"0","x-frame-options":"SAMEORIGIN","x-content-type-options":"nosniff","alt-svc":"h3-29=\":443\"; ma=2592000,h3-T051=\":443\"; ma=2592000,h3-Q050=\":443\"; ma=2592000,h3-Q046=\":443\"; ma=2592000,h3-Q043=\":443\"; ma=2592000,quic=\":443\"; ma=2592000; v=\"46,43\"","accept-ranges":"none","transfer-encoding":"chunked"}
[info] 
=== Hosting Setup
[info] 
[info] Your public directory is the folder (relative to your project directory) that
[info] will contain Hosting assets to be uploaded with firebase deploy. If you
[info] have a build process for your assets, use your build's output directory.
[info] 
[info] +  Wrote public/404.html 
[debug] [2021-01-18T22:08:49.608Z] >>> [apiv2][query] GET https://www.gstatic.com/firebasejs/releases.json [none]
[debug] [2021-01-18T22:08:49.642Z] <<< [apiv2][status] GET https://www.gstatic.com/firebasejs/releases.json 200
[debug] [2021-01-18T22:08:49.642Z] <<< [apiv2][body] GET https://www.gstatic.com/firebasejs/releases.json {"current":{"version":"8.2.3","browserURL":"https://www.gstatic.com/firebasejs/8.2.3/firebase.js","packageURL":"https://www.gstatic.com/firebasejs/8.2.3/firebase.tgz"},"live":{"version":"8.2","browserURL":"https://www.gstatic.com/firebasejs/live/8.2/firebase.js","packageURL":"https://www.gstatic.com/firebasejs/live/8.2/firebase.tgz"},"components":{"analytics":"https://www.gstatic.com/firebasejs/8.2.3/firebase-analytics.js","app":"https://www.gstatic.com/firebasejs/8.2.3/firebase-app.js","auth":"https://www.gstatic.com/firebasejs/8.2.3/firebase-auth.js","database":"https://www.gstatic.com/firebasejs/8.2.3/firebase-database.js","firestore":"https://www.gstatic.com/firebasejs/8.2.3/firebase-firestore.js","functions":"https://www.gstatic.com/firebasejs/8.2.3/firebase-functions.js","installations":"https://www.gstatic.com/firebasejs/8.2.3/firebase-installations.js","messaging":"https://www.gstatic.com/firebasejs/8.2.3/firebase-messaging.js","storage":"https://www.gstatic.com/firebasejs/8.2.3/firebase-storage.js","performance":"https://www.gstatic.com/firebasejs/8.2.3/firebase-performance.js","remote-config":"https://www.gstatic.com/firebasejs/8.2.3/firebase-remote-config.js","firestore.memory":"https://www.gstatic.com/firebasejs/8.2.3/firebase-firestore.memory.js"}}
[info] +  Wrote public/index.html 
[info] 
[info] i  Detected a .git folder at S:\FastCode\Typescript\next-firebase-ssr 
[info] i  Authorizing with GitHub to upload your service account to a GitHub repository's secrets store. 
[info] 
[info] Visit this URL on this device to log in:
[info] https://github.com/login/oauth/authorize?client_id=89cf50f02ac6aaed3484&state=983440580&redirect_uri=http%3A%2F%2Flocalhost%3A9005&scope=read%3Auser%20repo%20public_repo
[info] 
[info] Waiting for authentication...
[debug] [2021-01-18T22:08:58.216Z] >>> HTTP REQUEST POST https://github.com/login/oauth/access_token  
 {"client_id":"89cf50f02ac6aaed3484","client_secret":"3330d14abc895d9a74d5f17cd7a00711fa2c5bf0","code":"39d830d982055e1cb176","redirect_uri":"http://localhost:9005","state":"983440580"}
[debug] [2021-01-18T22:08:58.323Z] <<< HTTP RESPONSE 200 {"server":"GitHub.com","date":"Mon, 18 Jan 2021 22:08:58 GMT","content-type":"application/json; charset=utf-8","transfer-encoding":"chunked","status":"200 OK","vary":"X-PJAX, Accept-Encoding, Accept, X-Requested-With","etag":"W/\"90c974dd55d47fa5f49eef7255a5b1fb\"","cache-control":"max-age=0, private, must-revalidate","strict-transport-security":"max-age=31536000; includeSubdomains; preload","x-frame-options":"deny","x-content-type-options":"nosniff","x-xss-protection":"1; mode=block","referrer-policy":"origin-when-cross-origin, strict-origin-when-cross-origin","expect-ct":"max-age=2592000, report-uri=\"https://api.github.com/_private/browser/errors\"","content-security-policy":"default-src 'none'; base-uri 'self'; block-all-mixed-content; connect-src 'self' uploads.github.com www.githubstatus.com collector.githubapp.com api.github.com github-cloud.s3.amazonaws.com github-production-repository-file-5c1aeb.s3.amazonaws.com github-production-upload-manifest-file-7fdce7.s3.amazonaws.com github-production-user-asset-6210df.s3.amazonaws.com cdn.optimizely.com logx.optimizely.com/v1/events wss://alive.github.com; font-src github.githubassets.com; form-action 'self' github.com gist.github.com; frame-ancestors 'none'; frame-src render.githubusercontent.com; img-src 'self' data: github.githubassets.com identicons.github.com collector.githubapp.com github-cloud.s3.amazonaws.com *.githubusercontent.com; manifest-src 'self'; media-src 'none'; script-src github.githubassets.com; style-src 'unsafe-inline' github.githubassets.com; worker-src github.com/socket-worker-5029ae85.js gist.github.com/socket-worker-5029ae85.js","x-github-request-id":"C321:6462:805989:C5C610:600606FA"}
[debug] [2021-01-18T22:08:58.324Z] >>> [apiv2][query] GET https://api.github.com/user [none]
[debug] [2021-01-18T22:08:58.467Z] <<< [apiv2][status] GET https://api.github.com/user 200
[debug] [2021-01-18T22:08:58.467Z] <<< [apiv2][body] GET https://api.github.com/user {"login":"tonyb983","id":42479219,"node_id":"MDQ6VXNlcjQyNDc5MjE5","avatar_url":"https://avatars3.githubusercontent.com/u/42479219?v=4","gravatar_id":"","url":"https://api.github.com/users/tonyb983","html_url":"https://github.com/tonyb983","followers_url":"https://api.github.com/users/tonyb983/followers","following_url":"https://api.github.com/users/tonyb983/following{/other_user}","gists_url":"https://api.github.com/users/tonyb983/gists{/gist_id}","starred_url":"https://api.github.com/users/tonyb983/starred{/owner}{/repo}","subscriptions_url":"https://api.github.com/users/tonyb983/subscriptions","organizations_url":"https://api.github.com/users/tonyb983/orgs","repos_url":"https://api.github.com/users/tonyb983/repos","events_url":"https://api.github.com/users/tonyb983/events{/privacy}","received_events_url":"https://api.github.com/users/tonyb983/received_events","type":"User","site_admin":false,"name":"Tony B","company":null,"blog":"","location":"Maryland","email":null,"hireable":null,"bio":"Aspiring developer, getting there one project at a time.","twitter_username":null,"public_repos":33,"public_gists":0,"followers":0,"following":2,"created_at":"2018-08-17T19:36:26Z","updated_at":"2021-01-18T22:08:58Z","private_gists":1,"total_private_repos":8,"owned_private_repos":8,"disk_usage":43798,"collaborators":1,"two_factor_authentication":false,"plan":{"name":"free","space":976562499,"collaborators":0,"private_repos":10000}}
[info] 
[info] +  Success! Logged into GitHub as tonyb983 
[info] 
